<component name="libraryTable">
  <library name="junit-4.8.2">
    <CLASSES>
      <root url="jar://$PROJECT_DIR$/../ajava学习/JUnit4测试包/junit-4.8.2.jar!/" />
    </CLASSES>
    <JAVADOC />
    <SOURCES />
  </library>
</component>